(---------------------------------------------------------------------)
(                                                                     )
(    ARTWORK LOG                                                      )
(                                                                     )
(    Drawing          : Samus.brd                                     )
(    Software Version : 16.6-2015S069                                 )
(    Date/Time        : Wed Feb 22 14:14:52 2017                      )
(                                                                     )
(---------------------------------------------------------------------)


 ---- Photoplot outline rectangle not found; using drawing extents.



Results from parameter file ...
    DEVICE-TYPE           GERBER_RS274X
    OUTPUT-UNITS          MM
    FILM-SIZE             2400000 1600000
    FORMAT                4.5
    ABORT-ON-ERROR        NO
    SCALE                 1
    SUPPRESS-LEAD-ZEROES  YES
    SUPPRESS-TRAIL-ZEROES NO
    SUPPRESS-EQUAL        YES
    UNDEF-APT-CONT        NO



================================================================
     PROCESSING FILM < Drill >
     TO FILE < C:/Users/CAO-PCB/Documents/PCB/Badges/Samus/Drill.art > ...
================================================================

  FILM PARAMETERS :
  ---------------------------------------------------------
  Undefined line width                0.1000
  Mirror code                         NONE
  Rotate angle                        NONE
  Offset x:                           0.0000
  Offset y:                           0.0000
  Plot negative                       NO
  Suppress unconnected internal pads  NO
  Draw holes only                     NO

    WARNING: text composed 0 width line found at (4.7123 -20.0775)
           ... using undefined line width of 0.1000

    WARNING: text having Multiple 0 width lines; all will be treated the same as the first.
           ... using undefined line width of 0.1000

    WARNING: 0 width line found at (16.1296 -15.3150)
           ... using undefined line width of 0.1000

    WARNING: Multiple 0 width lines; all will be treated the same as the first.
           ... using undefined line width of 0.1000



  APERTURES USED:
  ---------------------------------------------------------
  TYPE       SIZE/NAME                   ROT   MIRROR MODE 
  ---------------------------------------------------------
  CIRCLE     0.10000                                  DARK 

     Drill created with warnings


------------------------------------------------------
 SUMMARY:
        Drill created with warnings

 ARTWORK had warnings
